SQL*Loader: Release 19.0.0.0.0 - Production on Fri Nov 27 15:52:47 2020
Version 19.3.0.0.0

Copyright (c) 1982, 2019, Oracle and/or its affiliates.  All rights reserved.

Control File:   Commune.ctl
Character Set UTF8 specified for all input.

Data File:      ./tuples.csv
  Bad File:     tuples.bad
  Discard File:  none specified

 (Allow all discards)

Number to load: ALL
Number to skip: 0
Errors allowed: 50
Bind array:     250 rows, maximum of 1048576 bytes
Continuation:    none specified
Path used:      Conventional

Table POPULATION, loaded from every logical record.
Insert option in effect for this table: INSERT
TRAILING NULLCOLS option in effect

   Column Name                  Position   Len  Term Encl Datatype
------------------------------ ---------- ----- ---- ---- ---------------------
CODEINSEE                           FIRST     *   ,       CHARACTER
    SQL string for column : "to_char(:codeinsee)"
ANNEE                                NEXT     *   ,       CHARACTER
    SQL string for column : "to_number(:annee)"
VAL_POPULATION                       NEXT     *   ,       CHARACTER
    SQL string for column : "to_char(:val_population)"


Table POPULATION:
  1306800 Rows successfully loaded.
  0 Rows not loaded due to data errors.
  0 Rows not loaded because all WHEN clauses were failed.
  0 Rows not loaded because all fields were null.


Space allocated for bind array:                 193500 bytes(250 rows)
Read   buffer bytes: 1048576

Total logical records skipped:          0
Total logical records read:       1306800
Total logical records rejected:         0
Total logical records discarded:        0

Run began on Fri Nov 27 15:52:47 2020
Run ended on Fri Nov 27 15:53:14 2020

Elapsed time was:     00:00:26.99
CPU time was:         00:00:02.28